INFO - 2021-01-09 18:16:49,381 - Auto set Flask Server ip to: 192.168.1.10
WARNING - 2021-01-09 18:28:09,786 - Please enter port.
INFO - 2021-01-09 18:28:21,818 - Auto set Flask Server ip to: 192.168.1.10
INFO - 2021-01-09 18:28:21,819 - Manualy set Flask Server port to: 5001
INFO - 2021-01-09 18:29:36,074 - Auto set Flask Server ip to: 192.168.1.10
INFO - 2021-01-09 18:29:36,075 - Manualy set Flask Server port to: 5001
INFO - 2021-01-09 18:29:43,541 - Auto set Flask Server ip to: 192.168.1.10
INFO - 2021-01-09 18:29:43,542 - Manualy set Flask Server port to: 5002
INFO - 2021-01-09 18:30:37,019 - Auto set Flask Server ip to: 192.168.1.10
INFO - 2021-01-09 18:30:37,019 - Manualy set Flask Server port to: 5002
INFO - 2021-01-09 18:30:52,690 - Auto set Flask Server ip to: 192.168.1.10
INFO - 2021-01-09 18:30:52,691 - Manualy set Flask Server port to: 5001
CRITICAL - 2021-01-09 19:36:07,483 - [Errno 2] No such file or directory: 'email_message.json'
CRITICAL - 2021-01-09 19:36:38,596 - [Errno 2] No such file or directory: 'email_message.json'
INFO - 2021-01-09 19:37:29,904 - Content-Type: multipart/mixed; boundary="===============6181725896369508534=="
MIME-Version: 1.0
From: Corona College Alert
To: ashishnair.oph@gmail.com
Subject: Corona Warning

--===============6181725896369508534==
Content-Type: text/plain; charset="us-ascii"
MIME-Version: 1.0
Content-Transfer-Encoding: 7bit

Dear Student

Good News. You have been successful in preventing yourself from being infecteed by Corona.
Please continue to do the same.

Thanks and Regards
XYZ

--===============6181725896369508534==--

INFO - 2021-01-09 19:40:54,417 - Content-Type: multipart/mixed; boundary="===============5513377363152966207=="
MIME-Version: 1.0
From: Corona College Alert
To: non disclosure
Subject: Corona Warning

--===============5513377363152966207==
Content-Type: text/plain; charset="us-ascii"
MIME-Version: 1.0
Content-Transfer-Encoding: 7bit

Dear Student

Good News. You have been successful in preventing yourself from being infecteed by Corona.
Please continue to do the same.

Thanks and Regards
XYZ

--===============5513377363152966207==--

INFO - 2021-01-09 19:42:07,732 - Content-Type: multipart/mixed; boundary="===============4554354877596663433=="
MIME-Version: 1.0
From: Corona College Alert
To: ashishnair.phantom8@gmail.com,depekakrishnan12@gmail.com
Subject: Corona Warning

--===============4554354877596663433==
Content-Type: text/plain; charset="us-ascii"
MIME-Version: 1.0
Content-Transfer-Encoding: 7bit

Dear Student

Good News. You have been successful in preventing yourself from being infecteed by Corona.
Please continue to do the same.

Thanks and Regards
XYZ

--===============4554354877596663433==--

INFO - 2021-01-09 20:07:50,672 - Auto set Flask Server ip to: 192.168.1.10
INFO - 2021-01-09 20:07:50,672 - Manualy set Flask Server port to: 5001
INFO - 2021-01-09 20:14:52,726 - Auto set Flask Server ip to: 192.168.1.10
INFO - 2021-01-09 20:14:52,726 - Manualy set Flask Server port to: 5001
INFO - 2021-01-09 20:34:54,977 - Auto set Flask Server ip to: 192.168.1.10
INFO - 2021-01-09 20:34:54,977 - Manualy set Flask Server port to: None
INFO - 2021-01-09 20:36:52,226 - Show current IP: 192.168.1.10
INFO - 2021-01-09 20:51:11,609 - Content-Type: multipart/mixed; boundary="===============6516749894882002624=="
MIME-Version: 1.0
From: Corona College Alert
To: ashishnair.phantom8@gmail.com,depekakrishnan12@gmail.com
Subject: Corona Warning

--===============6516749894882002624==
Content-Type: text/plain; charset="us-ascii"
MIME-Version: 1.0
Content-Transfer-Encoding: 7bit

Dear Student

Good News. You have been successful in preventing yourself from being infecteed by Corona.
Please continue to do the same.

Thanks and Regards
XYZ

--===============6516749894882002624==--

